<?xml version="1.0" encoding="UTF-8"?>
<beans xmlns="http://www.springframework.org/schema/beans"
       xmlns:xsi="http://www.w3.org/2001/XMLSchema-instance"
       xmlns:jdbc="http://www.springframework.org/schema/jdbc"
       xmlns:context="http://www.springframework.org/schema/context"
       xsi:schemaLocation="http://www.springframework.org/schema/beans
                           http://www.springframework.org/schema/beans/spring-beans.xsd http://www.springframework.org/schema/jdbc http://www.springframework.org/schema/jdbc/spring-jdbc.xsd http://www.springframework.org/schema/context http://www.springframework.org/schema/context/spring-context.xsd">

	<jdbc:embedded-database id="dataSource" type="H2">
		<jdbc:script location="classpath:db/sql/create-db.sql" />
		<jdbc:script location="classpath:db/sql/insert-data.sql" />
	</jdbc:embedded-database>
	
	<context:annotation-config/>
	
	<context:component-scan base-package="tbrachet.my.texts" />
	
	<bean id="textDao" class="tbrachet.my.texts.dao.TextDao" >
		<property name="namedParameterJdbcTemplate" ref="jdbcTemplate" />
	</bean>
	
	<bean id="jdbcTemplate" class="org.springframework.jdbc.core.namedparam.NamedParameterJdbcTemplate" >
		<constructor-arg ref="dataSource" />
	</bean>
 
</beans>